#
# There is insufficient memory for the Java Runtime Environment to continue.
# Native memory allocation (mmap) failed to map 402653184 bytes for G1 virtual space
# Possible reasons:
#   The system is out of physical RAM or swap space
#   The process is running with CompressedOops enabled, and the Java Heap may be blocking the growth of the native heap
# Possible solutions:
#   Reduce memory load on the system
#   Increase physical memory or swap space
#   Check if swap backing store is full
#   Decrease Java heap size (-Xmx/-Xms)
#   Decrease number of Java threads
#   Decrease Java thread stack sizes (-Xss)
#   Set larger code cache with -XX:ReservedCodeCacheSize=
#   JVM is running with Zero Based Compressed Oops mode in which the Java heap is
#     placed in the first 32GB address space. The Java Heap base address is the
#     maximum limit for the native heap growth. Please use -XX:HeapBaseMinAddress
#     to set the Java Heap base and to place the Java Heap above 32GB virtual address.
# This output file may be truncated or incomplete.
#
#  Out of Memory Error (os_windows.cpp:3613), pid=25448, tid=24104
#
# JRE version:  (17.0.9+9) (build )
# Java VM: OpenJDK 64-Bit Server VM (17.0.9+9, mixed mode, emulated-client, sharing, tiered, compressed oops, compressed class ptrs, g1 gc, windows-amd64)
# No core dump will be written. Minidumps are not enabled by default on client versions of Windows
#

---------------  S U M M A R Y ------------

Command Line: -XX:TieredStopAtLevel=1 -Dspring.output.ansi.enabled=always -Dcom.sun.management.jmxremote -Dspring.jmx.enabled=true -Dspring.liveBeansView.mbeanDomain -Dspring.application.admin.enabled=true -Dmanagement.endpoints.jmx.exposure.include=* -javaagent:C:\Program Files\JetBrains\IntelliJ IDEA 2023.1.4\lib\idea_rt.jar=52644:C:\Program Files\JetBrains\IntelliJ IDEA 2023.1.4\bin -Dfile.encoding=UTF-8 com.tingeso.planillaservice.PlanillaServiceApplication

Host: 11th Gen Intel(R) Core(TM) i5-11400 @ 2.60GHz, 12 cores, 23G,  Windows 11 , 64 bit Build 22621 (10.0.22621.2506)
Time: Thu Nov 16 02:43:31 2023 Hora verano Sudamérica Pacífico elapsed time: 0.021322 seconds (0d 0h 0m 0s)

---------------  T H R E A D  ---------------

Current thread (0x000002369c219bd0):  JavaThread "Unknown thread" [_thread_in_vm, id=24104, stack(0x00000090d3f00000,0x00000090d4000000)]

Stack: [0x00000090d3f00000,0x00000090d4000000]
Native frames: (J=compiled Java code, j=interpreted, Vv=VM code, C=native code)
V  [jvm.dll+0x67cf49]
V  [jvm.dll+0x83478a]
V  [jvm.dll+0x83624e]
V  [jvm.dll+0x8368b3]
V  [jvm.dll+0x247f1f]
V  [jvm.dll+0x679d69]
V  [jvm.dll+0x66e6ba]
V  [jvm.dll+0x307e5b]
V  [jvm.dll+0x30f306]
V  [jvm.dll+0x35f0ce]
V  [jvm.dll+0x35f2ff]
V  [jvm.dll+0x2dea58]
V  [jvm.dll+0x2df9c4]
V  [jvm.dll+0x806031]
V  [jvm.dll+0x36cf31]
V  [jvm.dll+0x7e4aac]
V  [jvm.dll+0x3f07af]
V  [jvm.dll+0x3f23e1]
C  [jli.dll+0x528f]
C  [ucrtbase.dll+0x29363]
C  [KERNEL32.DLL+0x1257d]
C  [ntdll.dll+0x5aa58]


---------------  P R O C E S S  ---------------

Threads class SMR info:
_java_thread_list=0x00007ffe6ba0ee98, length=0, elements={
}

Java Threads: ( => current thread )

Other Threads:
  0x000002369c2a1b10 GCTaskThread "GC Thread#0" [stack: 0x00000090d4000000,0x00000090d4100000] [id=25464]
  0x000002369c2ae970 ConcurrentGCThread "G1 Main Marker" [stack: 0x00000090d4100000,0x00000090d4200000] [id=25304]
  0x000002369c2b03a0 ConcurrentGCThread "G1 Conc#0" [stack: 0x00000090d4200000,0x00000090d4300000] [id=25300]

[error occurred during error reporting (printing all threads), id 0xc0000005, EXCEPTION_ACCESS_VIOLATION (0xc0000005) at pc=0x00007ffe6b1cf497]

VM state: not at safepoint (not fully initialized)

VM Mutex/Monitor currently owned by a thread:  ([mutex/lock_event])
[0x000002369c215f70] Heap_lock - owner thread: 0x000002369c219bd0

Heap address: 0x0000000681c00000, size: 6116 MB, Compressed Oops mode: Zero based, Oop shift amount: 3

CDS archive(s) mapped at: [0x0000000000000000-0x0000000000000000-0x0000000000000000), size 0, SharedBaseAddress: 0x0000000800000000, ArchiveRelocationMode: 1.
Narrow klass base: 0x0000000000000000, Narrow klass shift: 0, Narrow klass range: 0x0

GC Precious Log:
<Empty>

Heap:
 garbage-first heap   total 0K, used 0K [0x0000000681c00000, 0x0000000800000000)
  region size 4096K, 0 young (0K), 0 survivors (0K)

[error occurred during error reporting (printing heap information), id 0xc0000005, EXCEPTION_ACCESS_VIOLATION (0xc0000005) at pc=0x00007ffe6b5b6c79]

GC Heap History (0 events):
No events

Dll operation events (1 events):
Event: 0.009 Loaded shared library C:\Users\crist\.jdks\temurin-17.0.9\bin\java.dll

Deoptimization events (0 events):
No events

Classes unloaded (0 events):
No events

Classes redefined (0 events):
No events

Internal exceptions (0 events):
No events

VM Operations (0 events):
No events

Events (0 events):
No events


Dynamic libraries:
0x00007ff6a22b0000 - 0x00007ff6a22be000 	C:\Users\crist\.jdks\temurin-17.0.9\bin\java.exe
0x00007ffed2310000 - 0x00007ffed2527000 	C:\WINDOWS\SYSTEM32\ntdll.dll
0x00007ffed12b0000 - 0x00007ffed1374000 	C:\WINDOWS\System32\KERNEL32.DLL
0x00007ffecf740000 - 0x00007ffecfae7000 	C:\WINDOWS\System32\KERNELBASE.dll
0x00007ffecfc60000 - 0x00007ffecfd71000 	C:\WINDOWS\System32\ucrtbase.dll
0x00007ffea6cd0000 - 0x00007ffea6ceb000 	C:\Users\crist\.jdks\temurin-17.0.9\bin\VCRUNTIME140.dll
0x00007ffea89b0000 - 0x00007ffea89c7000 	C:\Users\crist\.jdks\temurin-17.0.9\bin\jli.dll
0x00007ffed1f00000 - 0x00007ffed20ae000 	C:\WINDOWS\System32\USER32.dll
0x00007ffecf690000 - 0x00007ffecf6b6000 	C:\WINDOWS\System32\win32u.dll
0x00007ffed0df0000 - 0x00007ffed0e19000 	C:\WINDOWS\System32\GDI32.dll
0x00007ffeb52f0000 - 0x00007ffeb5583000 	C:\WINDOWS\WinSxS\amd64_microsoft.windows.common-controls_6595b64144ccf1df_6.0.22621.2506_none_270c5ae97388e100\COMCTL32.dll
0x00007ffecfdf0000 - 0x00007ffecff09000 	C:\WINDOWS\System32\gdi32full.dll
0x00007ffed0a60000 - 0x00007ffed0b07000 	C:\WINDOWS\System32\msvcrt.dll
0x00007ffecffd0000 - 0x00007ffed006a000 	C:\WINDOWS\System32\msvcp_win.dll
0x00007ffed2210000 - 0x00007ffed2241000 	C:\WINDOWS\System32\IMM32.DLL
0x00007ffeb0900000 - 0x00007ffeb090c000 	C:\Users\crist\.jdks\temurin-17.0.9\bin\vcruntime140_1.dll
0x00007ffe90780000 - 0x00007ffe9080d000 	C:\Users\crist\.jdks\temurin-17.0.9\bin\msvcp140.dll
0x00007ffe6aee0000 - 0x00007ffe6bb41000 	C:\Users\crist\.jdks\temurin-17.0.9\bin\server\jvm.dll
0x00007ffed20b0000 - 0x00007ffed2160000 	C:\WINDOWS\System32\ADVAPI32.dll
0x00007ffed0160000 - 0x00007ffed0206000 	C:\WINDOWS\System32\sechost.dll
0x00007ffed06b0000 - 0x00007ffed07c7000 	C:\WINDOWS\System32\RPCRT4.dll
0x00007ffece4a0000 - 0x00007ffece4ed000 	C:\WINDOWS\SYSTEM32\POWRPROF.dll
0x00007ffeb6df0000 - 0x00007ffeb6df9000 	C:\WINDOWS\SYSTEM32\WSOCK32.dll
0x00007ffec8110000 - 0x00007ffec8144000 	C:\WINDOWS\SYSTEM32\WINMM.dll
0x00007ffec8d10000 - 0x00007ffec8d1a000 	C:\WINDOWS\SYSTEM32\VERSION.dll
0x00007ffed1c00000 - 0x00007ffed1c71000 	C:\WINDOWS\System32\WS2_32.dll
0x00007ffece480000 - 0x00007ffece493000 	C:\WINDOWS\SYSTEM32\UMPDC.dll
0x00007ffece6e0000 - 0x00007ffece6f8000 	C:\WINDOWS\SYSTEM32\kernel.appcore.dll
0x00007ffeb0700000 - 0x00007ffeb070a000 	C:\Users\crist\.jdks\temurin-17.0.9\bin\jimage.dll
0x00007ffecd880000 - 0x00007ffecdab3000 	C:\WINDOWS\SYSTEM32\DBGHELP.DLL
0x00007ffed0210000 - 0x00007ffed0599000 	C:\WINDOWS\System32\combase.dll
0x00007ffed0980000 - 0x00007ffed0a57000 	C:\WINDOWS\System32\OLEAUT32.dll
0x00007ffebdbe0000 - 0x00007ffebdc12000 	C:\WINDOWS\SYSTEM32\dbgcore.DLL
0x00007ffecf6c0000 - 0x00007ffecf73a000 	C:\WINDOWS\System32\bcryptPrimitives.dll
0x00007ffec6260000 - 0x00007ffec626e000 	C:\Users\crist\.jdks\temurin-17.0.9\bin\instrument.dll
0x00007ffea5780000 - 0x00007ffea57a5000 	C:\Users\crist\.jdks\temurin-17.0.9\bin\java.dll

dbghelp: loaded successfully - version: 4.0.5 - missing functions: none
symbol engine: initialized successfully - sym options: 0x614 - pdb path: .;C:\Users\crist\.jdks\temurin-17.0.9\bin;C:\WINDOWS\SYSTEM32;C:\WINDOWS\WinSxS\amd64_microsoft.windows.common-controls_6595b64144ccf1df_6.0.22621.2506_none_270c5ae97388e100;C:\Users\crist\.jdks\temurin-17.0.9\bin\server

VM Arguments:
jvm_args: -XX:TieredStopAtLevel=1 -Dspring.output.ansi.enabled=always -Dcom.sun.management.jmxremote -Dspring.jmx.enabled=true -Dspring.liveBeansView.mbeanDomain -Dspring.application.admin.enabled=true -Dmanagement.endpoints.jmx.exposure.include=* -javaagent:C:\Program Files\JetBrains\IntelliJ IDEA 2023.1.4\lib\idea_rt.jar=52644:C:\Program Files\JetBrains\IntelliJ IDEA 2023.1.4\bin -Dfile.encoding=UTF-8 
java_command: com.tingeso.planillaservice.PlanillaServiceApplication
java_class_path (initial): D:\Relevante\Uni\2023-2\TINGESO\Pep 2\planilla-service\target\classes;C:\Users\crist\.m2\repository\org\springframework\cloud\spring-cloud-starter-config\3.1.5\spring-cloud-starter-config-3.1.5.jar;C:\Users\crist\.m2\repository\org\springframework\cloud\spring-cloud-config-client\3.1.5\spring-cloud-config-client-3.1.5.jar;C:\Users\crist\.m2\repository\org\springframework\boot\spring-boot-autoconfigure\2.7.5\spring-boot-autoconfigure-2.7.5.jar;C:\Users\crist\.m2\repository\com\fasterxml\jackson\core\jackson-annotations\2.13.4\jackson-annotations-2.13.4.jar;C:\Users\crist\.m2\repository\org\apache\httpcomponents\httpclient\4.5.13\httpclient-4.5.13.jar;C:\Users\crist\.m2\repository\org\apache\httpcomponents\httpcore\4.4.15\httpcore-4.4.15.jar;C:\Users\crist\.m2\repository\commons-codec\commons-codec\1.15\commons-codec-1.15.jar;C:\Users\crist\.m2\repository\com\fasterxml\jackson\core\jackson-databind\2.13.4.2\jackson-databind-2.13.4.2.jar;C:\Users\crist\.m2\repository\com\fasterxml\jackson\core\jackson-core\2.13.4\jackson-core-2.13.4.jar;C:\Users\crist\.m2\repository\org\springframework\boot\spring-boot-starter-data-jpa\2.7.5\spring-boot-starter-data-jpa-2.7.5.jar;C:\Users\crist\.m2\repository\org\springframework\boot\spring-boot-starter-aop\2.7.5\spring-boot-starter-aop-2.7.5.jar;C:\Users\crist\.m2\repository\org\springframework\spring-aop\5.3.23\spring-aop-5.3.23.jar;C:\Users\crist\.m2\repository\org\aspectj\aspectjweaver\1.9.7\aspectjweaver-1.9.7.jar;C:\Users\crist\.m2\repository\org\springframework\boot\spring-boot-starter-jdbc\2.7.5\spring-boot-starter-jdbc-2.7.5.jar;C:\Users\crist\.m2\repository\com\zaxxer\HikariCP\4.0.3\HikariCP-4.0.3.jar;C:\Users\crist\.m2\repository\org\springframework\spring-jdbc\5.3.23\spring-jdbc-5.3.23.jar;C:\Users\crist\.m2\repository\jakarta\transaction\jakarta.transaction-api\1.3.3\jakarta.transaction-api-1.3.3.jar;C:\Users\crist\.m2\repository\jakarta\persistence\jakarta.persistence-api\2.2.3\jakarta.persist
Launcher Type: SUN_STANDARD

[Global flags]
     intx CICompilerCount                          = 4                                         {product} {ergonomic}
     uint ConcGCThreads                            = 3                                         {product} {ergonomic}
     uint G1ConcRefinementThreads                  = 10                                        {product} {ergonomic}
   size_t G1HeapRegionSize                         = 4194304                                   {product} {ergonomic}
    uintx GCDrainStackTargetSize                   = 64                                        {product} {ergonomic}
   size_t InitialHeapSize                          = 402653184                                 {product} {ergonomic}
     bool ManagementServer                         = true                                      {product} {command line}
   size_t MarkStackSize                            = 4194304                                   {product} {ergonomic}
   size_t MaxHeapSize                              = 6413090816                                {product} {ergonomic}
   size_t MinHeapDeltaBytes                        = 4194304                                   {product} {ergonomic}
   size_t MinHeapSize                              = 8388608                                   {product} {ergonomic}
    uintx NonProfiledCodeHeapSize                  = 0                                      {pd product} {ergonomic}
     bool ProfileInterpreter                       = false                                  {pd product} {command line}
    uintx ProfiledCodeHeapSize                     = 0                                      {pd product} {ergonomic}
   size_t SoftMaxHeapSize                          = 6413090816                             {manageable} {ergonomic}
     intx TieredStopAtLevel                        = 1                                         {product} {command line}
     bool UseCompressedClassPointers               = true                           {product lp64_product} {ergonomic}
     bool UseCompressedOops                        = true                           {product lp64_product} {ergonomic}
     bool UseG1GC                                  = true                                      {product} {ergonomic}
     bool UseLargePagesIndividualAllocation        = false                                  {pd product} {ergonomic}

Logging:
Log output configuration:
 #0: stdout all=warning uptime,level,tags
 #1: stderr all=off uptime,level,tags

Environment Variables:
PATH=C:\Python312\Scripts\;C:\Python312\;C:\Program Files (x86)\Eclipse Adoptium\jdk-17.0.8.101-hotspot\bin;C:\Python311\Scripts\;C:\Python311\;C:\WINDOWS\system32;C:\WINDOWS;C:\WINDOWS\System32\Wbem;C:\WINDOWS\System32\WindowsPowerShell\v1.0\;C:\WINDOWS\System32\OpenSSH\;D:\Almacenamiento\Git\cmd;D:\Almacenamiento\Airshipper\;D:\Relevante\Uni\Utilidades\jdk-11.0.16.1+1\bin;C:\Gradle\gradle-7.6\bin;C:\ProgramData\chocolatey\bin;C:\Program Files\nodejs\;C:\Program Files (x86)\PowerShell\7\;C:\Program Files (x86)\GnuWin32\bin;D:\Almacenamiento\Git\usr\bin;C:\Program Files\Kubernetes\Minikube;;C:\minikube;C:\Program Files\Docker\Docker\resources\bin;C:\Users\crist\AppData\Local\Microsoft\WindowsApps;C:\Users\crist\AppData\Local\Programs\Microsoft VS Code\bin;D:\Program Files (x86)\IntelliJ IDEA 2022.2.3\bin;D:\Program Files\IntelliJ IDEA Community Edition 2022.2.3\bin;D:\Program Files (x86)\Nmap;C:\Users\crist\AppData\Local\gitkraken\bin;C:\Users\crist\AppData\Roaming\npm;C:\Program Files (x86)\GnuWin32\bin;
USERNAME=crist
OS=Windows_NT
PROCESSOR_IDENTIFIER=Intel64 Family 6 Model 167 Stepping 1, GenuineIntel
TMP=C:\Users\crist\AppData\Local\Temp
TEMP=C:\Users\crist\AppData\Local\Temp



Periodic native trim disabled


---------------  S Y S T E M  ---------------

OS:
 Windows 11 , 64 bit Build 22621 (10.0.22621.2506)
OS uptime: 0 days 1:57 hours
Hyper-V role detected

CPU: total 12 (initial active 12) (6 cores per cpu, 2 threads per core) family 6 model 167 stepping 1 microcode 0x40, cx8, cmov, fxsr, ht, mmx, 3dnowpref, sse, sse2, sse3, ssse3, sse4.1, sse4.2, popcnt, lzcnt, tsc, tscinvbit, avx, avx2, aes, erms, clmul, bmi1, bmi2, adx, avx512f, avx512dq, avx512cd, avx512bw, avx512vl, sha, fma, vzeroupper, avx512_vpopcntdq, avx512_vpclmulqdq, avx512_vaes, avx512_vnni, clflush, clflushopt, avx512_vbmi2, avx512_vbmi, hv
Processor Information for all 12 processors :
  Max Mhz: 2592, Current Mhz: 2592, Mhz Limit: 2592

Memory: 4k page, system-wide physical 24459M (6438M free)
TotalPageFile size 30786M (AvailPageFile size 360M)
current process WorkingSet (physical memory assigned to process): 11M, peak: 11M
current process commit charge ("private bytes"): 59M, peak: 443M

vm_info: OpenJDK 64-Bit Server VM (17.0.9+9) for windows-amd64 JRE (17.0.9+9), built on Oct 26 2023 14:01:42 by "admin" with MS VC++ 16.10 / 16.11 (VS2019)

END.
